Base path: C:/Program Files/Unity/Editor/Data
Cmd: initializeCompiler
Cmd: compileComputeKernel
  api=4 insize=12733 outsize=1577 ok=1
Cmd: compileComputeKernel
  api=4 insize=65748 outsize=7453 ok=1
Cmd: compileComputeKernel
  api=4 insize=4631 outsize=1857 ok=1
Cmd: compileComputeKernel
  api=4 insize=24259 outsize=5577 ok=1
Cmd: compileComputeKernel
  api=4 insize=3051 outsize=193 ok=1
Cmd: compileComputeKernel
  api=4 insize=28420 outsize=1541 ok=1
Cmd: compileComputeKernel
  api=4 insize=28420 outsize=1425 ok=1
Cmd: compileComputeKernel
  api=4 insize=28420 outsize=1317 ok=1
Cmd: compileComputeKernel
  api=4 insize=28420 outsize=1357 ok=1
Cmd: compileComputeKernel
  api=4 insize=28420 outsize=1857 ok=1
Cmd: compileComputeKernel
  api=4 insize=1882 outsize=3129 ok=1
Cmd: compileComputeKernel
  api=4 insize=21203 outsize=761 ok=1
Cmd: compileComputeKernel
  api=4 insize=21203 outsize=857 ok=1
Cmd: compileComputeKernel
  api=4 insize=21203 outsize=1297 ok=1
Cmd: compileComputeKernel
  api=4 insize=21203 outsize=1397 ok=1
Cmd: compileComputeKernel
  api=4 insize=21203 outsize=1353 ok=1
Cmd: compileComputeKernel
  api=4 insize=21203 outsize=1293 ok=1
Cmd: compileComputeKernel
  api=4 insize=21203 outsize=1749 ok=1
Cmd: initializeCompiler

Quitting shader compiler process
