Base path: C:/Program Files/Unity/Editor/Data
Cmd: initializeCompiler
Cmd: compileComputeKernel
  api=4 insize=12733 outsize=1053 ok=1
Cmd: compileComputeKernel
  api=4 insize=65748 outsize=5377 ok=1
Cmd: compileComputeKernel
  api=4 insize=24259 outsize=4121 ok=1
Cmd: compileComputeKernel
  api=4 insize=28420 outsize=2077 ok=1
Cmd: compileComputeKernel
  api=4 insize=28420 outsize=1609 ok=1
Cmd: compileComputeKernel
  api=4 insize=28420 outsize=1317 ok=1
Cmd: compileComputeKernel
  api=4 insize=28420 outsize=1861 ok=1
Cmd: compileComputeKernel
  api=4 insize=28420 outsize=1337 ok=1
Cmd: compileComputeKernel
  api=4 insize=21203 outsize=809 ok=1
Cmd: compileComputeKernel
  api=4 insize=21203 outsize=953 ok=1
Cmd: compileComputeKernel
  api=4 insize=21203 outsize=1257 ok=1
Cmd: compileComputeKernel
  api=4 insize=21203 outsize=1365 ok=1
Cmd: compileComputeKernel
  api=4 insize=21203 outsize=1397 ok=1
Cmd: compileComputeKernel
  api=4 insize=21203 outsize=1281 ok=1
Cmd: initializeCompiler

Quitting shader compiler process
