Base path: C:/Program Files/Unity/Editor/Data
Cmd: initializeCompiler
Cmd: compileComputeKernel
  api=4 insize=12733 outsize=1505 ok=1
Cmd: compileComputeKernel
  api=4 insize=65748 outsize=7597 ok=1
Cmd: compileComputeKernel
  api=4 insize=4631 outsize=1857 ok=1
Cmd: compileComputeKernel
  api=4 insize=24259 outsize=2657 ok=1
Cmd: compileComputeKernel
  api=4 insize=28420 outsize=2737 ok=1
Cmd: compileComputeKernel
  api=4 insize=28420 outsize=1377 ok=1
Cmd: compileComputeKernel
  api=4 insize=28420 outsize=1773 ok=1
Cmd: compileComputeKernel
  api=4 insize=28420 outsize=1857 ok=1
Cmd: compileComputeKernel
  api=4 insize=28420 outsize=2497 ok=1
Cmd: compileComputeKernel
  api=4 insize=21203 outsize=857 ok=1
Cmd: compileComputeKernel
  api=4 insize=21203 outsize=869 ok=1
Cmd: compileComputeKernel
  api=4 insize=21203 outsize=1169 ok=1
Cmd: compileComputeKernel
  api=4 insize=21203 outsize=1437 ok=1
Cmd: compileComputeKernel
  api=4 insize=21203 outsize=1461 ok=1
Cmd: compileComputeKernel
  api=4 insize=21203 outsize=1305 ok=1
Cmd: initializeCompiler

Quitting shader compiler process
