Base path: C:/Program Files/Unity/Editor/Data
Cmd: initializeCompiler
Cmd: compileComputeKernel
  api=4 insize=12733 outsize=2133 ok=1
Cmd: compileComputeKernel
  api=4 insize=4631 outsize=1857 ok=1
Cmd: compileComputeKernel
  api=4 insize=24259 outsize=9529 ok=1
Cmd: compileComputeKernel
  api=4 insize=28420 outsize=1685 ok=1
Cmd: compileComputeKernel
  api=4 insize=28420 outsize=1329 ok=1
Cmd: compileComputeKernel
  api=4 insize=28420 outsize=1305 ok=1
Cmd: compileComputeKernel
  api=4 insize=28420 outsize=1857 ok=1
Cmd: compileComputeKernel
  api=4 insize=28420 outsize=1337 ok=1
Cmd: compileComputeKernel
  api=4 insize=21203 outsize=813 ok=1
Cmd: compileComputeKernel
  api=4 insize=21203 outsize=797 ok=1
Cmd: compileComputeKernel
  api=4 insize=21203 outsize=1317 ok=1
Cmd: compileComputeKernel
  api=4 insize=21203 outsize=1357 ok=1
Cmd: compileComputeKernel
  api=4 insize=21203 outsize=1241 ok=1
Cmd: initializeCompiler

Quitting shader compiler process
